nohup: 忽略输入
1.6.0+cu101
cuda:3
Loaded pretrained weights for efficientnet-b7
默认数据增强方式
默认数据增强方式
默认数据增强方式
默认数据增强方式
train is starting in 2021-02-28 10:03:47
Epoch0/150
----------
2021-02-28 10:11:27 Train loss is :4.5198,Train accuracy is:18.5750%
2021-02-28 10:11:27 Valid loss is :4.1809,Valid accuracy is:60.6993%
2021-02-28 10:11:27 bestAcc is 60.6993%
Epoch1/150
----------
2021-02-28 10:18:42 Train loss is :3.8205,Train accuracy is:46.9000%
2021-02-28 10:18:42 Valid loss is :3.3669,Valid accuracy is:70.2214%
2021-02-28 10:18:42 bestAcc is 70.2214%
Epoch2/150
----------
2021-02-28 10:24:07 Train loss is :2.9183,Train accuracy is:57.4083%
2021-02-28 10:24:07 Valid loss is :2.4202,Valid accuracy is:74.8135%
2021-02-28 10:24:07 bestAcc is 74.8135%
Epoch3/150
----------
2021-02-28 10:29:32 Train loss is :2.1093,Train accuracy is:63.3917%
2021-02-28 10:29:32 Valid loss is :1.6864,Valid accuracy is:78.7063%
2021-02-28 10:29:32 bestAcc is 78.7063%
Epoch4/150
----------
2021-02-28 10:34:56 Train loss is :1.5882,Train accuracy is:68.2583%
2021-02-28 10:34:56 Valid loss is :1.2587,Valid accuracy is:81.1538%
2021-02-28 10:34:56 bestAcc is 81.1538%
Epoch5/150
----------
2021-02-28 10:40:18 Train loss is :1.2946,Train accuracy is:70.7083%
2021-02-28 10:40:18 Valid loss is :1.0168,Valid accuracy is:82.6807%
2021-02-28 10:40:18 bestAcc is 82.6807%
Epoch6/150
----------
2021-02-28 10:45:41 Train loss is :1.1125,Train accuracy is:72.9000%
2021-02-28 10:45:41 Valid loss is :0.8653,Valid accuracy is:83.8811%
2021-02-28 10:45:41 bestAcc is 83.8811%
Epoch7/150
----------
2021-02-28 10:51:35 Train loss is :0.9980,Train accuracy is:74.5250%
2021-02-28 10:51:35 Valid loss is :0.7612,Valid accuracy is:84.9417%
2021-02-28 10:51:35 bestAcc is 84.9417%
Epoch8/150
----------
2021-02-28 10:56:57 Train loss is :0.9122,Train accuracy is:75.5333%
2021-02-28 10:56:57 Valid loss is :0.6904,Valid accuracy is:85.8974%
2021-02-28 10:56:57 bestAcc is 85.8974%
Epoch9/150
----------
2021-02-28 11:02:19 Train loss is :0.8422,Train accuracy is:77.0250%
2021-02-28 11:02:19 Valid loss is :0.6325,Valid accuracy is:86.4452%
2021-02-28 11:02:19 bestAcc is 86.4452%
Epoch10/150
----------
2021-02-28 11:07:42 Train loss is :0.7865,Train accuracy is:78.5083%
2021-02-28 11:07:42 Valid loss is :0.5866,Valid accuracy is:86.8881%
2021-02-28 11:07:42 bestAcc is 86.8881%
Epoch11/150
----------
2021-02-28 11:13:04 Train loss is :0.7365,Train accuracy is:79.5500%
2021-02-28 11:13:04 Valid loss is :0.5533,Valid accuracy is:87.2611%
2021-02-28 11:13:04 bestAcc is 87.2611%
Epoch12/150
----------
2021-02-28 11:18:44 Train loss is :0.7077,Train accuracy is:79.5083%
2021-02-28 11:18:44 Valid loss is :0.5247,Valid accuracy is:87.6690%
2021-02-28 11:18:44 bestAcc is 87.6690%
Epoch13/150
----------
2021-02-28 11:25:12 Train loss is :0.6661,Train accuracy is:81.1417%
2021-02-28 11:25:12 Valid loss is :0.5108,Valid accuracy is:87.8904%
2021-02-28 11:25:12 bestAcc is 87.8904%
Epoch14/150
----------
2021-02-28 11:30:47 Train loss is :0.6575,Train accuracy is:81.5333%
2021-02-28 11:30:47 Valid loss is :0.4833,Valid accuracy is:88.0420%
2021-02-28 11:30:47 bestAcc is 88.0420%
Epoch15/150
----------
2021-02-28 11:36:40 Train loss is :0.6245,Train accuracy is:81.7917%
2021-02-28 11:36:40 Valid loss is :0.4673,Valid accuracy is:88.3217%
2021-02-28 11:36:40 bestAcc is 88.3217%
Epoch16/150
----------
2021-02-28 11:42:02 Train loss is :0.5997,Train accuracy is:82.6917%
2021-02-28 11:42:02 Valid loss is :0.4508,Valid accuracy is:88.6364%
2021-02-28 11:42:02 bestAcc is 88.6364%
Epoch17/150
----------
2021-02-28 11:47:24 Train loss is :0.5930,Train accuracy is:82.6167%
2021-02-28 11:47:24 Valid loss is :0.4413,Valid accuracy is:88.8811%
2021-02-28 11:47:24 bestAcc is 88.8811%
Epoch18/150
----------
2021-02-28 11:52:48 Train loss is :0.5740,Train accuracy is:82.9583%
2021-02-28 11:52:48 Valid loss is :0.4259,Valid accuracy is:88.9627%
2021-02-28 11:52:48 bestAcc is 88.9627%
Epoch19/150
----------
2021-02-28 11:58:10 Train loss is :0.5520,Train accuracy is:83.8167%
2021-02-28 11:58:10 Valid loss is :0.4160,Valid accuracy is:89.2541%
2021-02-28 11:58:10 bestAcc is 89.2541%
Epoch20/150
----------
2021-02-28 12:03:32 Train loss is :0.5366,Train accuracy is:83.9667%
2021-02-28 12:03:32 Valid loss is :0.4049,Valid accuracy is:89.2308%
2021-02-28 12:03:32 bestAcc is 89.2541%
Epoch21/150
----------
2021-02-28 12:08:59 Train loss is :0.5258,Train accuracy is:84.4583%
2021-02-28 12:08:59 Valid loss is :0.3988,Valid accuracy is:89.4406%
2021-02-28 12:08:59 bestAcc is 89.4406%
Epoch22/150
----------
2021-02-28 12:15:08 Train loss is :0.4983,Train accuracy is:84.9083%
2021-02-28 12:15:08 Valid loss is :0.3912,Valid accuracy is:89.5221%
2021-02-28 12:15:08 bestAcc is 89.5221%
Epoch23/150
----------
2021-02-28 12:20:30 Train loss is :0.4937,Train accuracy is:85.5500%
2021-02-28 12:20:30 Valid loss is :0.3822,Valid accuracy is:89.8718%
2021-02-28 12:20:30 bestAcc is 89.8718%
Epoch24/150
----------
2021-02-28 12:25:53 Train loss is :0.4834,Train accuracy is:85.5417%
2021-02-28 12:25:53 Valid loss is :0.3779,Valid accuracy is:89.7203%
2021-02-28 12:25:53 bestAcc is 89.8718%
Epoch25/150
----------
2021-02-28 12:31:16 Train loss is :0.4646,Train accuracy is:85.8833%
2021-02-28 12:31:16 Valid loss is :0.3760,Valid accuracy is:89.9883%
2021-02-28 12:31:16 bestAcc is 89.9883%
Epoch26/150
----------
2021-02-28 12:36:39 Train loss is :0.4626,Train accuracy is:86.2583%
2021-02-28 12:36:39 Valid loss is :0.3693,Valid accuracy is:89.9184%
2021-02-28 12:36:39 bestAcc is 89.9883%
Epoch27/150
----------
2021-02-28 12:42:02 Train loss is :0.4442,Train accuracy is:87.1833%
2021-02-28 12:42:02 Valid loss is :0.3647,Valid accuracy is:90.2331%
2021-02-28 12:42:02 bestAcc is 90.2331%
Epoch28/150
----------
2021-02-28 12:47:25 Train loss is :0.4427,Train accuracy is:87.0167%
2021-02-28 12:47:25 Valid loss is :0.3569,Valid accuracy is:90.2331%
2021-02-28 12:47:25 bestAcc is 90.2331%
Epoch29/150
----------
2021-02-28 12:53:22 Train loss is :0.4197,Train accuracy is:87.4667%
2021-02-28 12:53:22 Valid loss is :0.3555,Valid accuracy is:90.2797%
2021-02-28 12:53:22 bestAcc is 90.2797%
Epoch30/150
----------
2021-02-28 12:59:04 Train loss is :0.4055,Train accuracy is:87.6417%
2021-02-28 12:59:04 Valid loss is :0.3494,Valid accuracy is:90.1865%
2021-02-28 12:59:04 bestAcc is 90.2797%
Epoch31/150
----------
2021-02-28 13:04:27 Train loss is :0.4096,Train accuracy is:87.8250%
2021-02-28 13:04:27 Valid loss is :0.3474,Valid accuracy is:90.3497%
2021-02-28 13:04:27 bestAcc is 90.3497%
Epoch32/150
----------
2021-02-28 13:09:50 Train loss is :0.4012,Train accuracy is:87.9583%
2021-02-28 13:09:50 Valid loss is :0.3422,Valid accuracy is:90.4662%
2021-02-28 13:09:50 bestAcc is 90.4662%
Epoch33/150
----------
2021-02-28 13:15:13 Train loss is :0.3910,Train accuracy is:88.5833%
2021-02-28 13:15:13 Valid loss is :0.3382,Valid accuracy is:90.5128%
2021-02-28 13:15:13 bestAcc is 90.5128%
Epoch34/150
----------
2021-02-28 13:20:36 Train loss is :0.3880,Train accuracy is:88.3833%
2021-02-28 13:20:36 Valid loss is :0.3376,Valid accuracy is:90.4196%
2021-02-28 13:20:36 bestAcc is 90.5128%
Epoch35/150
----------
2021-02-28 13:26:40 Train loss is :0.3795,Train accuracy is:88.2250%
2021-02-28 13:26:40 Valid loss is :0.3349,Valid accuracy is:90.5944%
2021-02-28 13:26:40 bestAcc is 90.5944%
Epoch36/150
----------
2021-02-28 13:32:55 Train loss is :0.3627,Train accuracy is:88.9833%
2021-02-28 13:32:55 Valid loss is :0.3284,Valid accuracy is:90.6061%
2021-02-28 13:32:55 bestAcc is 90.6061%
Epoch37/150
----------
2021-02-28 13:38:21 Train loss is :0.3634,Train accuracy is:89.2083%
2021-02-28 13:38:21 Valid loss is :0.3297,Valid accuracy is:90.4895%
2021-02-28 13:38:21 bestAcc is 90.6061%
Epoch38/150
----------
2021-02-28 13:43:45 Train loss is :0.3538,Train accuracy is:89.1417%
2021-02-28 13:43:45 Valid loss is :0.3262,Valid accuracy is:90.6876%
2021-02-28 13:43:45 bestAcc is 90.6876%
Epoch39/150
----------
2021-02-28 13:49:16 Train loss is :0.3526,Train accuracy is:89.3000%
2021-02-28 13:49:16 Valid loss is :0.3265,Valid accuracy is:90.4895%
2021-02-28 13:49:16 bestAcc is 90.6876%
Epoch40/150
----------
2021-02-28 13:55:23 Train loss is :0.3440,Train accuracy is:89.5167%
2021-02-28 13:55:23 Valid loss is :0.3229,Valid accuracy is:90.6643%
2021-02-28 13:55:23 bestAcc is 90.6876%
Epoch41/150
----------
2021-02-28 14:02:23 Train loss is :0.3315,Train accuracy is:90.1000%
2021-02-28 14:02:23 Valid loss is :0.3210,Valid accuracy is:90.5361%
2021-02-28 14:02:23 bestAcc is 90.6876%
Epoch42/150
----------
2021-02-28 14:08:52 Train loss is :0.3263,Train accuracy is:90.2583%
2021-02-28 14:08:52 Valid loss is :0.3171,Valid accuracy is:90.8974%
2021-02-28 14:08:52 bestAcc is 90.8974%
Epoch43/150
----------
2021-02-28 14:14:53 Train loss is :0.3275,Train accuracy is:90.2000%
2021-02-28 14:14:53 Valid loss is :0.3164,Valid accuracy is:90.7226%
2021-02-28 14:14:53 bestAcc is 90.8974%
Epoch44/150
----------
2021-02-28 14:20:16 Train loss is :0.3124,Train accuracy is:90.4167%
2021-02-28 14:20:16 Valid loss is :0.3152,Valid accuracy is:90.6294%
2021-02-28 14:20:16 bestAcc is 90.8974%
Epoch45/150
----------
2021-02-28 14:25:38 Train loss is :0.3070,Train accuracy is:90.6250%
2021-02-28 14:25:38 Valid loss is :0.3141,Valid accuracy is:90.5828%
2021-02-28 14:25:38 bestAcc is 90.8974%
Epoch46/150
----------
2021-02-28 14:31:01 Train loss is :0.3138,Train accuracy is:90.6333%
2021-02-28 14:31:01 Valid loss is :0.3124,Valid accuracy is:90.7692%
2021-02-28 14:31:01 bestAcc is 90.8974%
Epoch47/150
----------
2021-02-28 14:36:23 Train loss is :0.3015,Train accuracy is:90.9500%
2021-02-28 14:36:23 Valid loss is :0.3104,Valid accuracy is:90.8275%
2021-02-28 14:36:23 bestAcc is 90.8974%
Epoch48/150
----------
2021-02-28 14:41:46 Train loss is :0.3020,Train accuracy is:90.8417%
2021-02-28 14:41:46 Valid loss is :0.3080,Valid accuracy is:90.8974%
2021-02-28 14:41:46 bestAcc is 90.8974%
Epoch49/150
----------
2021-02-28 14:47:18 Train loss is :0.2900,Train accuracy is:91.6083%
2021-02-28 14:47:18 Valid loss is :0.3108,Valid accuracy is:90.9324%
2021-02-28 14:47:18 bestAcc is 90.9324%
Epoch50/150
----------
2021-02-28 14:53:51 Train loss is :0.2913,Train accuracy is:91.1583%
2021-02-28 14:53:51 Valid loss is :0.3083,Valid accuracy is:91.0140%
2021-02-28 14:53:51 bestAcc is 91.0140%
Epoch51/150
----------
2021-02-28 15:00:10 Train loss is :0.2861,Train accuracy is:91.5250%
2021-02-28 15:00:10 Valid loss is :0.3072,Valid accuracy is:90.9790%
2021-02-28 15:00:10 bestAcc is 91.0140%
Epoch52/150
----------
2021-02-28 15:05:34 Train loss is :0.2784,Train accuracy is:91.6167%
2021-02-28 15:05:34 Valid loss is :0.3077,Valid accuracy is:91.0606%
2021-02-28 15:05:34 bestAcc is 91.0606%
Epoch53/150
----------
2021-02-28 15:11:54 Train loss is :0.2676,Train accuracy is:91.9167%
2021-02-28 15:11:54 Valid loss is :0.3055,Valid accuracy is:90.8858%
2021-02-28 15:11:54 bestAcc is 91.0606%
Epoch54/150
----------
2021-02-28 15:17:19 Train loss is :0.2759,Train accuracy is:91.6167%
2021-02-28 15:17:19 Valid loss is :0.3024,Valid accuracy is:91.0956%
2021-02-28 15:17:19 bestAcc is 91.0956%
Epoch55/150
----------
2021-02-28 15:22:41 Train loss is :0.2742,Train accuracy is:91.8250%
2021-02-28 15:22:41 Valid loss is :0.3025,Valid accuracy is:91.1189%
2021-02-28 15:22:41 bestAcc is 91.1189%
Epoch56/150
----------
2021-02-28 15:28:04 Train loss is :0.2618,Train accuracy is:92.1167%
2021-02-28 15:28:04 Valid loss is :0.3029,Valid accuracy is:90.9790%
2021-02-28 15:28:04 bestAcc is 91.1189%
Epoch57/150
----------
2021-02-28 15:33:28 Train loss is :0.2573,Train accuracy is:92.4500%
2021-02-28 15:33:28 Valid loss is :0.3028,Valid accuracy is:91.0023%
2021-02-28 15:33:28 bestAcc is 91.1189%
Epoch58/150
----------
2021-02-28 15:38:51 Train loss is :0.2492,Train accuracy is:92.7167%
2021-02-28 15:38:51 Valid loss is :0.2985,Valid accuracy is:91.2005%
2021-02-28 15:38:51 bestAcc is 91.2005%
Epoch59/150
----------
2021-02-28 15:44:16 Train loss is :0.2455,Train accuracy is:92.6417%
2021-02-28 15:44:16 Valid loss is :0.2972,Valid accuracy is:91.2121%
2021-02-28 15:44:16 bestAcc is 91.2121%
Epoch60/150
----------
2021-02-28 15:49:39 Train loss is :0.2518,Train accuracy is:92.5250%
2021-02-28 15:49:39 Valid loss is :0.2989,Valid accuracy is:91.0839%
2021-02-28 15:49:39 bestAcc is 91.2121%
Epoch61/150
----------
2021-02-28 15:55:02 Train loss is :0.2478,Train accuracy is:92.6000%
2021-02-28 15:55:02 Valid loss is :0.2999,Valid accuracy is:91.1655%
2021-02-28 15:55:02 bestAcc is 91.2121%
Epoch62/150
----------
2021-02-28 16:00:27 Train loss is :0.2350,Train accuracy is:93.0167%
2021-02-28 16:00:27 Valid loss is :0.2982,Valid accuracy is:91.1189%
2021-02-28 16:00:27 bestAcc is 91.2121%
Epoch63/150
----------
2021-02-28 16:06:50 Train loss is :0.2399,Train accuracy is:92.8667%
2021-02-28 16:06:50 Valid loss is :0.2986,Valid accuracy is:91.2005%
2021-02-28 16:06:50 bestAcc is 91.2121%
Epoch64/150
----------
2021-02-28 16:12:31 Train loss is :0.2320,Train accuracy is:93.0000%
2021-02-28 16:12:31 Valid loss is :0.2976,Valid accuracy is:91.1072%
2021-02-28 16:12:31 bestAcc is 91.2121%
Epoch65/150
----------
2021-02-28 16:17:55 Train loss is :0.2358,Train accuracy is:92.8167%
2021-02-28 16:17:55 Valid loss is :0.2968,Valid accuracy is:91.1538%
2021-02-28 16:17:55 bestAcc is 91.2121%
Epoch66/150
----------
2021-02-28 16:23:19 Train loss is :0.2230,Train accuracy is:93.4500%
2021-02-28 16:23:19 Valid loss is :0.2983,Valid accuracy is:90.9674%
2021-02-28 16:23:19 bestAcc is 91.2121%
Epoch67/150
----------
2021-02-28 16:28:43 Train loss is :0.2211,Train accuracy is:93.4500%
2021-02-28 16:28:43 Valid loss is :0.2953,Valid accuracy is:91.0023%
2021-02-28 16:28:43 bestAcc is 91.2121%
Epoch68/150
----------
2021-02-28 16:34:08 Train loss is :0.2224,Train accuracy is:93.2417%
2021-02-28 16:34:08 Valid loss is :0.2954,Valid accuracy is:91.0140%
2021-02-28 16:34:08 bestAcc is 91.2121%
Epoch69/150
----------
2021-02-28 16:39:32 Train loss is :0.2170,Train accuracy is:93.6750%
2021-02-28 16:39:32 Valid loss is :0.2953,Valid accuracy is:91.1772%
2021-02-28 16:39:32 bestAcc is 91.2121%
Epoch70/150
----------
2021-02-28 16:44:59 Train loss is :0.2067,Train accuracy is:93.7667%
2021-02-28 16:44:59 Valid loss is :0.2936,Valid accuracy is:91.2937%
2021-02-28 16:44:59 bestAcc is 91.2937%
Epoch71/150
----------
2021-02-28 16:50:24 Train loss is :0.2202,Train accuracy is:93.2000%
2021-02-28 16:50:24 Valid loss is :0.2949,Valid accuracy is:91.0956%
2021-02-28 16:50:24 bestAcc is 91.2937%
Epoch72/150
----------
2021-02-28 16:55:47 Train loss is :0.2012,Train accuracy is:94.0333%
2021-02-28 16:55:47 Valid loss is :0.2956,Valid accuracy is:91.0373%
2021-02-28 16:55:47 bestAcc is 91.2937%
Epoch73/150
----------
2021-02-28 17:01:48 Train loss is :0.2091,Train accuracy is:93.8750%
2021-02-28 17:01:48 Valid loss is :0.2948,Valid accuracy is:91.0956%
2021-02-28 17:01:48 bestAcc is 91.2937%
Epoch74/150
----------
2021-02-28 17:08:19 Train loss is :0.2123,Train accuracy is:93.6167%
2021-02-28 17:08:19 Valid loss is :0.2952,Valid accuracy is:91.0606%
2021-02-28 17:08:19 bestAcc is 91.2937%
Epoch75/150
----------
2021-02-28 17:13:43 Train loss is :0.1996,Train accuracy is:94.1000%
2021-02-28 17:13:43 Valid loss is :0.2968,Valid accuracy is:90.9091%
2021-02-28 17:13:43 bestAcc is 91.2937%
Epoch76/150
----------
2021-02-28 17:19:05 Train loss is :0.1976,Train accuracy is:94.0417%
2021-02-28 17:19:05 Valid loss is :0.2933,Valid accuracy is:91.1072%
2021-02-28 17:19:05 bestAcc is 91.2937%
Epoch77/150
----------
2021-02-28 17:24:28 Train loss is :0.1870,Train accuracy is:94.6750%
2021-02-28 17:24:28 Valid loss is :0.2943,Valid accuracy is:90.9674%
2021-02-28 17:24:28 bestAcc is 91.2937%
Epoch78/150
----------
2021-02-28 17:29:51 Train loss is :0.1917,Train accuracy is:94.2583%
2021-02-28 17:29:51 Valid loss is :0.2928,Valid accuracy is:91.0490%
2021-02-28 17:29:51 bestAcc is 91.2937%
Epoch79/150
----------
2021-02-28 17:35:14 Train loss is :0.1931,Train accuracy is:94.4167%
2021-02-28 17:35:14 Valid loss is :0.2929,Valid accuracy is:91.2121%
2021-02-28 17:35:14 bestAcc is 91.2937%
Epoch80/150
----------
2021-02-28 17:40:38 Train loss is :0.1833,Train accuracy is:94.5917%
2021-02-28 17:40:38 Valid loss is :0.2940,Valid accuracy is:91.1072%
2021-02-28 17:40:38 bestAcc is 91.2937%
Epoch81/150
----------
2021-02-28 17:46:01 Train loss is :0.1867,Train accuracy is:94.5750%
2021-02-28 17:46:01 Valid loss is :0.2935,Valid accuracy is:91.1305%
2021-02-28 17:46:01 bestAcc is 91.2937%
Epoch82/150
----------
2021-02-28 17:51:26 Train loss is :0.1785,Train accuracy is:94.7667%
2021-02-28 17:51:26 Valid loss is :0.2947,Valid accuracy is:91.0490%
2021-02-28 17:51:26 bestAcc is 91.2937%
Epoch83/150
----------
2021-02-28 17:56:49 Train loss is :0.1779,Train accuracy is:94.7000%
2021-02-28 17:56:49 Valid loss is :0.2936,Valid accuracy is:91.0140%
2021-02-28 17:56:49 bestAcc is 91.2937%
Epoch84/150
----------
2021-02-28 18:03:08 Train loss is :0.1781,Train accuracy is:94.7000%
2021-02-28 18:03:08 Valid loss is :0.2941,Valid accuracy is:91.0723%
2021-02-28 18:03:08 bestAcc is 91.2937%
Epoch85/150
----------
2021-02-28 18:09:37 Train loss is :0.1745,Train accuracy is:94.9417%
2021-02-28 18:09:37 Valid loss is :0.2938,Valid accuracy is:91.1422%
2021-02-28 18:09:37 bestAcc is 91.2937%
Epoch86/150
----------
2021-02-28 18:15:01 Train loss is :0.1768,Train accuracy is:94.8000%
2021-02-28 18:15:01 Valid loss is :0.2945,Valid accuracy is:91.1189%
2021-02-28 18:15:01 bestAcc is 91.2937%
Epoch87/150
----------
2021-02-28 18:20:59 Train loss is :0.1754,Train accuracy is:94.7000%
2021-02-28 18:20:59 Valid loss is :0.2979,Valid accuracy is:90.8159%
2021-02-28 18:20:59 bestAcc is 91.2937%
Epoch88/150
----------
2021-02-28 18:26:47 Train loss is :0.1719,Train accuracy is:94.9500%
2021-02-28 18:26:47 Valid loss is :0.2937,Valid accuracy is:90.9907%
2021-02-28 18:26:47 bestAcc is 91.2937%
Epoch89/150
----------
2021-02-28 18:32:11 Train loss is :0.1652,Train accuracy is:95.2583%
2021-02-28 18:32:11 Valid loss is :0.2953,Valid accuracy is:90.9091%
2021-02-28 18:32:11 bestAcc is 91.2937%
Epoch90/150
----------
2021-02-28 18:37:35 Train loss is :0.1652,Train accuracy is:95.4500%
2021-02-28 18:37:35 Valid loss is :0.2936,Valid accuracy is:91.2587%
2021-02-28 18:37:35 bestAcc is 91.2937%
Epoch91/150
----------
2021-02-28 18:42:58 Train loss is :0.1652,Train accuracy is:95.0917%
2021-02-28 18:42:58 Valid loss is :0.2921,Valid accuracy is:91.2121%
2021-02-28 18:42:58 bestAcc is 91.2937%
Epoch92/150
----------
2021-02-28 18:48:21 Train loss is :0.1696,Train accuracy is:94.6917%
2021-02-28 18:48:21 Valid loss is :0.2926,Valid accuracy is:91.2354%
2021-02-28 18:48:21 bestAcc is 91.2937%
Epoch93/150
----------
2021-02-28 18:53:44 Train loss is :0.1613,Train accuracy is:95.3583%
2021-02-28 18:53:44 Valid loss is :0.2938,Valid accuracy is:91.1422%
2021-02-28 18:53:44 bestAcc is 91.2937%
Epoch94/150
----------
2021-02-28 18:59:09 Train loss is :0.1622,Train accuracy is:95.3000%
2021-02-28 18:59:09 Valid loss is :0.2925,Valid accuracy is:91.0839%
2021-02-28 18:59:09 bestAcc is 91.2937%
Epoch95/150
----------
2021-02-28 19:05:29 Train loss is :0.1552,Train accuracy is:95.3833%
2021-02-28 19:05:29 Valid loss is :0.2944,Valid accuracy is:91.0373%
2021-02-28 19:05:29 bestAcc is 91.2937%
Epoch96/150
----------
2021-02-28 19:11:36 Train loss is :0.1588,Train accuracy is:95.3667%
2021-02-28 19:11:36 Valid loss is :0.2947,Valid accuracy is:91.1189%
2021-02-28 19:11:36 bestAcc is 91.2937%
Epoch97/150
----------
2021-02-28 19:16:59 Train loss is :0.1566,Train accuracy is:95.3250%
2021-02-28 19:16:59 Valid loss is :0.2963,Valid accuracy is:91.0606%
2021-02-28 19:16:59 bestAcc is 91.2937%
Epoch98/150
----------
2021-02-28 19:22:22 Train loss is :0.1503,Train accuracy is:95.5917%
2021-02-28 19:22:22 Valid loss is :0.2969,Valid accuracy is:90.9324%
2021-02-28 19:22:22 bestAcc is 91.2937%
Epoch99/150
----------
2021-02-28 19:27:44 Train loss is :0.1461,Train accuracy is:95.5667%
2021-02-28 19:27:44 Valid loss is :0.2960,Valid accuracy is:90.9441%
2021-02-28 19:27:44 bestAcc is 91.2937%
Epoch100/150
----------
2021-02-28 19:33:06 Train loss is :0.1575,Train accuracy is:95.1667%
2021-02-28 19:33:06 Valid loss is :0.2965,Valid accuracy is:90.9790%
2021-02-28 19:33:06 bestAcc is 91.2937%
Epoch101/150
----------
2021-02-28 19:38:29 Train loss is :0.1523,Train accuracy is:95.6000%
2021-02-28 19:38:29 Valid loss is :0.2954,Valid accuracy is:91.0490%
2021-02-28 19:38:29 bestAcc is 91.2937%
Epoch102/150
----------
2021-02-28 19:43:55 Train loss is :0.1483,Train accuracy is:96.0167%
2021-02-28 19:43:55 Valid loss is :0.2926,Valid accuracy is:91.1538%
2021-02-28 19:43:55 bestAcc is 91.2937%
Epoch103/150
----------
2021-02-28 19:49:16 Train loss is :0.1447,Train accuracy is:95.8500%
2021-02-28 19:49:16 Valid loss is :0.2972,Valid accuracy is:91.0373%
2021-02-28 19:49:16 bestAcc is 91.2937%
Epoch104/150
----------
2021-02-28 19:54:39 Train loss is :0.1478,Train accuracy is:95.6083%
2021-02-28 19:54:39 Valid loss is :0.2965,Valid accuracy is:91.0956%
2021-02-28 19:54:39 bestAcc is 91.2937%
Epoch105/150
----------
2021-02-28 20:00:04 Train loss is :0.1438,Train accuracy is:95.9583%
2021-02-28 20:00:04 Valid loss is :0.2961,Valid accuracy is:91.0723%
2021-02-28 20:00:04 bestAcc is 91.2937%
Epoch106/150
----------
2021-02-28 20:06:55 Train loss is :0.1348,Train accuracy is:96.0917%
2021-02-28 20:06:55 Valid loss is :0.2979,Valid accuracy is:91.0023%
2021-02-28 20:06:55 bestAcc is 91.2937%
Epoch107/150
----------
2021-02-28 20:12:45 Train loss is :0.1402,Train accuracy is:95.9583%
2021-02-28 20:12:45 Valid loss is :0.2984,Valid accuracy is:91.0490%
2021-02-28 20:12:45 bestAcc is 91.2937%
Epoch108/150
----------
2021-02-28 20:18:07 Train loss is :0.1279,Train accuracy is:96.2333%
2021-02-28 20:18:07 Valid loss is :0.2960,Valid accuracy is:91.1072%
2021-02-28 20:18:07 bestAcc is 91.2937%
Epoch109/150
----------
2021-02-28 20:23:30 Train loss is :0.1371,Train accuracy is:96.1500%
2021-02-28 20:23:30 Valid loss is :0.2968,Valid accuracy is:91.0023%
2021-02-28 20:23:30 bestAcc is 91.2937%
Epoch110/150
----------
2021-02-28 20:28:57 Train loss is :0.1330,Train accuracy is:96.1083%
2021-02-28 20:28:57 Valid loss is :0.2974,Valid accuracy is:91.1305%
2021-02-28 20:28:57 bestAcc is 91.2937%
Epoch111/150
----------
2021-02-28 20:34:23 Train loss is :0.1391,Train accuracy is:96.1000%
2021-02-28 20:34:23 Valid loss is :0.2962,Valid accuracy is:90.9091%
2021-02-28 20:34:23 bestAcc is 91.2937%
Epoch112/150
----------
2021-02-28 20:39:44 Train loss is :0.1311,Train accuracy is:96.1583%
2021-02-28 20:39:44 Valid loss is :0.2981,Valid accuracy is:91.0839%
2021-02-28 20:39:44 bestAcc is 91.2937%
Epoch113/150
----------
2021-02-28 20:45:05 Train loss is :0.1412,Train accuracy is:95.8333%
2021-02-28 20:45:05 Valid loss is :0.2978,Valid accuracy is:90.9674%
2021-02-28 20:45:05 bestAcc is 91.2937%
Epoch114/150
----------
2021-02-28 20:50:28 Train loss is :0.1368,Train accuracy is:96.1417%
2021-02-28 20:50:28 Valid loss is :0.3004,Valid accuracy is:90.8974%
2021-02-28 20:50:28 bestAcc is 91.2937%
Epoch115/150
----------
2021-02-28 20:55:51 Train loss is :0.1250,Train accuracy is:96.5417%
2021-02-28 20:55:51 Valid loss is :0.2960,Valid accuracy is:91.0839%
2021-02-28 20:55:51 bestAcc is 91.2937%
Epoch116/150
----------
2021-02-28 21:01:15 Train loss is :0.1189,Train accuracy is:96.6583%
2021-02-28 21:01:15 Valid loss is :0.3003,Valid accuracy is:91.0140%
2021-02-28 21:01:15 bestAcc is 91.2937%
Epoch117/150
----------
2021-02-28 21:06:38 Train loss is :0.1197,Train accuracy is:96.6167%
2021-02-28 21:06:38 Valid loss is :0.2995,Valid accuracy is:90.9674%
2021-02-28 21:06:38 bestAcc is 91.2937%
Epoch118/150
----------
2021-02-28 21:12:01 Train loss is :0.1277,Train accuracy is:96.4417%
2021-02-28 21:12:01 Valid loss is :0.2999,Valid accuracy is:90.9091%
2021-02-28 21:12:01 bestAcc is 91.2937%
Epoch119/150
----------
2021-02-28 21:17:25 Train loss is :0.1196,Train accuracy is:96.4500%
2021-02-28 21:17:25 Valid loss is :0.3007,Valid accuracy is:90.9207%
2021-02-28 21:17:25 bestAcc is 91.2937%
Epoch120/150
----------
2021-02-28 21:22:50 Train loss is :0.1262,Train accuracy is:96.3417%
2021-02-28 21:22:50 Valid loss is :0.2974,Valid accuracy is:90.9441%
2021-02-28 21:22:50 bestAcc is 91.2937%
Epoch121/150
----------
2021-02-28 21:28:13 Train loss is :0.1262,Train accuracy is:96.4167%
2021-02-28 21:28:13 Valid loss is :0.2986,Valid accuracy is:91.0606%
2021-02-28 21:28:13 bestAcc is 91.2937%
Epoch122/150
----------
2021-02-28 21:33:53 Train loss is :0.1166,Train accuracy is:96.6667%
2021-02-28 21:33:53 Valid loss is :0.2992,Valid accuracy is:91.0256%
2021-02-28 21:33:53 bestAcc is 91.2937%
Epoch123/150
----------
2021-02-28 21:39:14 Train loss is :0.1156,Train accuracy is:96.6583%
2021-02-28 21:39:14 Valid loss is :0.2981,Valid accuracy is:90.9907%
2021-02-28 21:39:14 bestAcc is 91.2937%
Epoch124/150
----------
2021-02-28 21:44:36 Train loss is :0.1126,Train accuracy is:96.9917%
2021-02-28 21:44:36 Valid loss is :0.2977,Valid accuracy is:91.0723%
2021-02-28 21:44:36 bestAcc is 91.2937%
Epoch125/150
----------
2021-02-28 21:49:58 Train loss is :0.1184,Train accuracy is:96.7500%
2021-02-28 21:49:58 Valid loss is :0.2994,Valid accuracy is:91.0956%
2021-02-28 21:49:58 bestAcc is 91.2937%
Epoch126/150
----------
2021-02-28 21:55:19 Train loss is :0.1147,Train accuracy is:96.6917%
2021-02-28 21:55:19 Valid loss is :0.3011,Valid accuracy is:91.0140%
2021-02-28 21:55:19 bestAcc is 91.2937%
Epoch127/150
----------
2021-02-28 22:00:41 Train loss is :0.1159,Train accuracy is:96.6083%
2021-02-28 22:00:41 Valid loss is :0.3007,Valid accuracy is:90.9557%
2021-02-28 22:00:41 bestAcc is 91.2937%
Epoch128/150
----------
2021-02-28 22:06:05 Train loss is :0.1123,Train accuracy is:96.6000%
2021-02-28 22:06:05 Valid loss is :0.3046,Valid accuracy is:90.9441%
2021-02-28 22:06:05 bestAcc is 91.2937%
Epoch129/150
----------
2021-02-28 22:12:10 Train loss is :0.1153,Train accuracy is:96.5500%
2021-02-28 22:12:10 Valid loss is :0.3013,Valid accuracy is:91.0606%
2021-02-28 22:12:10 bestAcc is 91.2937%
Epoch130/150
----------
2021-02-28 22:17:32 Train loss is :0.1129,Train accuracy is:96.5917%
2021-02-28 22:17:32 Valid loss is :0.3018,Valid accuracy is:90.9907%
2021-02-28 22:17:32 bestAcc is 91.2937%
Epoch131/150
----------
2021-02-28 22:22:54 Train loss is :0.1049,Train accuracy is:97.0833%
2021-02-28 22:22:54 Valid loss is :0.2994,Valid accuracy is:91.0373%
2021-02-28 22:22:54 bestAcc is 91.2937%
Epoch132/150
----------
2021-02-28 22:28:15 Train loss is :0.1038,Train accuracy is:97.0500%
2021-02-28 22:28:15 Valid loss is :0.3023,Valid accuracy is:91.0023%
2021-02-28 22:28:15 bestAcc is 91.2937%
Epoch133/150
----------
2021-02-28 22:33:36 Train loss is :0.1062,Train accuracy is:97.0500%
2021-02-28 22:33:36 Valid loss is :0.3043,Valid accuracy is:91.1422%
2021-02-28 22:33:36 bestAcc is 91.2937%
Epoch134/150
----------
2021-02-28 22:39:01 Train loss is :0.1048,Train accuracy is:97.1000%
2021-02-28 22:39:01 Valid loss is :0.3035,Valid accuracy is:91.0256%
2021-02-28 22:39:01 bestAcc is 91.2937%
Epoch135/150
----------
2021-02-28 22:44:24 Train loss is :0.1105,Train accuracy is:96.9333%
2021-02-28 22:44:24 Valid loss is :0.3041,Valid accuracy is:91.1189%
2021-02-28 22:44:24 bestAcc is 91.2937%
Epoch136/150
----------
2021-02-28 22:49:47 Train loss is :0.1096,Train accuracy is:96.8667%
2021-02-28 22:49:47 Valid loss is :0.3010,Valid accuracy is:91.1422%
2021-02-28 22:49:47 bestAcc is 91.2937%
Epoch137/150
----------
2021-02-28 22:55:49 Train loss is :0.1053,Train accuracy is:96.9417%
2021-02-28 22:55:49 Valid loss is :0.3044,Valid accuracy is:91.0023%
2021-02-28 22:55:49 bestAcc is 91.2937%
Epoch138/150
----------
2021-02-28 23:01:10 Train loss is :0.1028,Train accuracy is:97.1167%
2021-02-28 23:01:10 Valid loss is :0.3041,Valid accuracy is:91.0606%
2021-02-28 23:01:10 bestAcc is 91.2937%
Epoch139/150
----------
2021-02-28 23:06:31 Train loss is :0.0995,Train accuracy is:97.2917%
2021-02-28 23:06:31 Valid loss is :0.3053,Valid accuracy is:90.9091%
2021-02-28 23:06:31 bestAcc is 91.2937%
Epoch140/150
----------
2021-02-28 23:11:53 Train loss is :0.1071,Train accuracy is:96.8750%
2021-02-28 23:11:53 Valid loss is :0.3023,Valid accuracy is:91.1189%
2021-02-28 23:11:53 bestAcc is 91.2937%
Epoch141/150
----------
2021-02-28 23:17:14 Train loss is :0.1042,Train accuracy is:97.2333%
2021-02-28 23:17:14 Valid loss is :0.3035,Valid accuracy is:91.0723%
2021-02-28 23:17:14 bestAcc is 91.2937%
Epoch142/150
----------
2021-02-28 23:22:36 Train loss is :0.0933,Train accuracy is:97.4583%
2021-02-28 23:22:36 Valid loss is :0.3027,Valid accuracy is:91.0839%
2021-02-28 23:22:36 bestAcc is 91.2937%
Epoch143/150
----------
2021-02-28 23:28:00 Train loss is :0.1024,Train accuracy is:96.9833%
2021-02-28 23:28:00 Valid loss is :0.3017,Valid accuracy is:91.1422%
2021-02-28 23:28:00 bestAcc is 91.2937%
Epoch144/150
----------
2021-02-28 23:33:42 Train loss is :0.0985,Train accuracy is:97.1417%
2021-02-28 23:33:42 Valid loss is :0.3023,Valid accuracy is:91.2005%
2021-02-28 23:33:42 bestAcc is 91.2937%
Epoch145/150
----------
2021-02-28 23:39:15 Train loss is :0.1030,Train accuracy is:97.2083%
2021-02-28 23:39:15 Valid loss is :0.3020,Valid accuracy is:91.0839%
2021-02-28 23:39:15 bestAcc is 91.2937%
Epoch146/150
----------
2021-02-28 23:44:35 Train loss is :0.0982,Train accuracy is:97.1833%
2021-02-28 23:44:35 Valid loss is :0.3041,Valid accuracy is:91.1305%
2021-02-28 23:44:35 bestAcc is 91.2937%
Epoch147/150
----------
2021-02-28 23:49:57 Train loss is :0.0984,Train accuracy is:97.2250%
2021-02-28 23:49:57 Valid loss is :0.3054,Valid accuracy is:90.9324%
2021-02-28 23:49:57 bestAcc is 91.2937%
Epoch148/150
----------
2021-02-28 23:55:22 Train loss is :0.0917,Train accuracy is:97.5333%
2021-02-28 23:55:22 Valid loss is :0.3064,Valid accuracy is:91.1655%
2021-02-28 23:55:22 bestAcc is 91.2937%
Epoch149/150
----------
2021-03-01 00:01:39 Train loss is :0.0972,Train accuracy is:97.2333%
2021-03-01 00:01:39 Valid loss is :0.3050,Valid accuracy is:91.1305%
2021-03-01 00:01:39 bestAcc is 91.2937%
